  Packman_Lab_01.cpp
C:\Users\dwarf\source\repos\Packman_Lab_01\Packman_Lab_01\Packman_Lab_01.cpp(40,10): warning C4244: 'initializing': conversion from 'int' to 'float', possible loss of data
C:\Users\dwarf\source\repos\Packman_Lab_01\Packman_Lab_01\Packman_Lab_01.cpp(41,10): warning C4244: 'initializing': conversion from 'int' to 'float', possible loss of data
C:\Users\dwarf\source\repos\Packman_Lab_01\Packman_Lab_01\Packman_Lab_01.cpp(55,48): warning C4244: 'return': conversion from 'float' to 'int', possible loss of data
C:\Users\dwarf\source\repos\Packman_Lab_01\Packman_Lab_01\Packman_Lab_01.cpp(189,33): warning C4244: 'argument': conversion from 'float' to 'const unsigned __int64', possible loss of data
C:\Users\dwarf\source\repos\Packman_Lab_01\Packman_Lab_01\Packman_Lab_01.cpp(189,59): warning C4244: 'argument': conversion from 'float' to 'const unsigned __int64', possible loss of data
C:\Users\dwarf\source\repos\Packman_Lab_01\Packman_Lab_01\Packman_Lab_01.cpp(193,66): warning C4244: 'argument': conversion from 'float' to 'int', possible loss of data
C:\Users\dwarf\source\repos\Packman_Lab_01\Packman_Lab_01\Packman_Lab_01.cpp(193,49): warning C4244: 'argument': conversion from 'float' to 'int', possible loss of data
C:\Users\dwarf\source\repos\Packman_Lab_01\Packman_Lab_01\Packman_Lab_01.cpp(197,75): warning C4244: 'argument': conversion from 'float' to 'int', possible loss of data
C:\Users\dwarf\source\repos\Packman_Lab_01\Packman_Lab_01\Packman_Lab_01.cpp(197,52): warning C4244: 'argument': conversion from 'float' to 'int', possible loss of data
C:\Users\dwarf\source\repos\Packman_Lab_01\Packman_Lab_01\Packman_Lab_01.cpp(201,66): warning C4244: 'argument': conversion from 'float' to 'int', possible loss of data
C:\Users\dwarf\source\repos\Packman_Lab_01\Packman_Lab_01\Packman_Lab_01.cpp(201,49): warning C4244: 'argument': conversion from 'float' to 'int', possible loss of data
C:\Users\dwarf\source\repos\Packman_Lab_01\Packman_Lab_01\Packman_Lab_01.cpp(205,75): warning C4244: 'argument': conversion from 'float' to 'int', possible loss of data
C:\Users\dwarf\source\repos\Packman_Lab_01\Packman_Lab_01\Packman_Lab_01.cpp(205,52): warning C4244: 'argument': conversion from 'float' to 'int', possible loss of data
C:\Users\dwarf\source\repos\Packman_Lab_01\Packman_Lab_01\Packman_Lab_01.cpp(255,81): warning C4244: 'argument': conversion from 'float' to 'int', possible loss of data
C:\Users\dwarf\source\repos\Packman_Lab_01\Packman_Lab_01\Packman_Lab_01.cpp(255,47): warning C4244: 'argument': conversion from 'float' to 'int', possible loss of data
C:\Users\dwarf\source\repos\Packman_Lab_01\Packman_Lab_01\Packman_Lab_01.cpp(354,47): warning C4244: 'argument': conversion from 'int' to 'T', possible loss of data
C:\Users\dwarf\source\repos\Packman_Lab_01\Packman_Lab_01\Packman_Lab_01.cpp(354,47): warning C4244:         with
C:\Users\dwarf\source\repos\Packman_Lab_01\Packman_Lab_01\Packman_Lab_01.cpp(354,47): warning C4244:         [
C:\Users\dwarf\source\repos\Packman_Lab_01\Packman_Lab_01\Packman_Lab_01.cpp(354,47): warning C4244:             T=float
C:\Users\dwarf\source\repos\Packman_Lab_01\Packman_Lab_01\Packman_Lab_01.cpp(354,47): warning C4244:         ]
C:\Users\dwarf\source\repos\Packman_Lab_01\Packman_Lab_01\Packman_Lab_01.cpp(354,40): warning C4244: 'argument': conversion from 'int' to 'T', possible loss of data
C:\Users\dwarf\source\repos\Packman_Lab_01\Packman_Lab_01\Packman_Lab_01.cpp(354,40): warning C4244:         with
C:\Users\dwarf\source\repos\Packman_Lab_01\Packman_Lab_01\Packman_Lab_01.cpp(354,40): warning C4244:         [
C:\Users\dwarf\source\repos\Packman_Lab_01\Packman_Lab_01\Packman_Lab_01.cpp(354,40): warning C4244:             T=float
C:\Users\dwarf\source\repos\Packman_Lab_01\Packman_Lab_01\Packman_Lab_01.cpp(354,40): warning C4244:         ]
C:\Users\dwarf\source\repos\Packman_Lab_01\Packman_Lab_01\Packman_Lab_01.cpp(383,17): warning C4244: 'initializing': conversion from 'float' to 'int', possible loss of data
C:\Users\dwarf\source\repos\Packman_Lab_01\Packman_Lab_01\Packman_Lab_01.cpp(384,17): warning C4244: 'initializing': conversion from 'float' to 'int', possible loss of data
C:\Users\dwarf\source\repos\Packman_Lab_01\Packman_Lab_01\Packman_Lab_01.cpp(391,17): warning C4244: 'initializing': conversion from 'float' to 'int', possible loss of data
C:\Users\dwarf\source\repos\Packman_Lab_01\Packman_Lab_01\Packman_Lab_01.cpp(392,17): warning C4244: 'initializing': conversion from 'float' to 'int', possible loss of data
C:\Users\dwarf\source\repos\Packman_Lab_01\Packman_Lab_01\Packman_Lab_01.cpp(553,18): warning C4244: 'initializing': conversion from 'float' to 'int', possible loss of data
C:\Users\dwarf\source\repos\Packman_Lab_01\Packman_Lab_01\Packman_Lab_01.cpp(554,18): warning C4244: 'initializing': conversion from 'float' to 'int', possible loss of data
C:\Users\dwarf\source\repos\Packman_Lab_01\Packman_Lab_01\Packman_Lab_01.cpp(555,18): warning C4244: 'initializing': conversion from 'float' to 'int', possible loss of data
C:\Users\dwarf\source\repos\Packman_Lab_01\Packman_Lab_01\Packman_Lab_01.cpp(556,18): warning C4244: 'initializing': conversion from 'float' to 'int', possible loss of data
C:\Users\dwarf\source\repos\Packman_Lab_01\Packman_Lab_01\Packman_Lab_01.cpp(632,18): warning C4244: 'initializing': conversion from 'float' to 'int', possible loss of data
C:\Users\dwarf\source\repos\Packman_Lab_01\Packman_Lab_01\Packman_Lab_01.cpp(638,27): warning C4267: '=': conversion from 'size_t' to 'int', possible loss of data
C:\Users\dwarf\source\repos\Packman_Lab_01\Packman_Lab_01\Packman_Lab_01.cpp(638,65): warning C4244: '=': conversion from 'float' to 'int', possible loss of data
C:\Users\dwarf\source\repos\Packman_Lab_01\Packman_Lab_01\Packman_Lab_01.cpp(655,27): warning C4244: 'initializing': conversion from 'int' to 'float', possible loss of data
C:\Users\dwarf\source\repos\Packman_Lab_01\Packman_Lab_01\Packman_Lab_01.cpp(656,41): warning C4244: 'argument': conversion from 'float' to 'const unsigned __int64', possible loss of data
C:\Users\dwarf\source\repos\Packman_Lab_01\Packman_Lab_01\Packman_Lab_01.cpp(666,48): warning C4244: 'argument': conversion from 'float' to 'const unsigned __int64', possible loss of data
C:\Users\dwarf\source\repos\Packman_Lab_01\Packman_Lab_01\Packman_Lab_01.cpp(666,70): warning C4244: 'argument': conversion from 'float' to 'const unsigned __int64', possible loss of data
C:\Users\dwarf\source\repos\Packman_Lab_01\Packman_Lab_01\Packman_Lab_01.cpp(673,79): warning C4244: 'argument': conversion from 'float' to 'const unsigned __int64', possible loss of data
C:\Users\dwarf\source\repos\Packman_Lab_01\Packman_Lab_01\Packman_Lab_01.cpp(673,112): warning C4244: 'argument': conversion from 'float' to 'const unsigned __int64', possible loss of data
C:\Users\dwarf\source\repos\Packman_Lab_01\Packman_Lab_01\Packman_Lab_01.cpp(687,63): warning C4244: 'argument': conversion from 'float' to 'const unsigned __int64', possible loss of data
C:\Users\dwarf\source\repos\Packman_Lab_01\Packman_Lab_01\Packman_Lab_01.cpp(687,96): warning C4244: 'argument': conversion from 'float' to 'const unsigned __int64', possible loss of data
C:\Users\dwarf\source\repos\Packman_Lab_01\Packman_Lab_01\Packman_Lab_01.cpp(692,37): warning C4244: 'argument': conversion from 'float' to 'const unsigned __int64', possible loss of data
C:\Users\dwarf\source\repos\Packman_Lab_01\Packman_Lab_01\Packman_Lab_01.cpp(692,120): warning C4244: 'argument': conversion from 'float' to 'const unsigned __int64', possible loss of data
C:\Users\dwarf\source\repos\Packman_Lab_01\Packman_Lab_01\Packman_Lab_01.cpp(706,21): warning C4244: 'argument': conversion from 'float' to 'const unsigned __int64', possible loss of data
C:\Users\dwarf\source\repos\Packman_Lab_01\Packman_Lab_01\Packman_Lab_01.cpp(706,104): warning C4244: 'argument': conversion from 'float' to 'const unsigned __int64', possible loss of data
C:\Users\dwarf\source\repos\Packman_Lab_01\Packman_Lab_01\Packman_Lab_01.cpp(711,79): warning C4244: 'argument': conversion from 'float' to 'const unsigned __int64', possible loss of data
C:\Users\dwarf\source\repos\Packman_Lab_01\Packman_Lab_01\Packman_Lab_01.cpp(711,112): warning C4244: 'argument': conversion from 'float' to 'const unsigned __int64', possible loss of data
C:\Users\dwarf\source\repos\Packman_Lab_01\Packman_Lab_01\Packman_Lab_01.cpp(725,63): warning C4244: 'argument': conversion from 'float' to 'const unsigned __int64', possible loss of data
C:\Users\dwarf\source\repos\Packman_Lab_01\Packman_Lab_01\Packman_Lab_01.cpp(725,96): warning C4244: 'argument': conversion from 'float' to 'const unsigned __int64', possible loss of data
C:\Users\dwarf\source\repos\Packman_Lab_01\Packman_Lab_01\Packman_Lab_01.cpp(730,37): warning C4244: 'argument': conversion from 'float' to 'const unsigned __int64', possible loss of data
C:\Users\dwarf\source\repos\Packman_Lab_01\Packman_Lab_01\Packman_Lab_01.cpp(730,120): warning C4244: 'argument': conversion from 'float' to 'const unsigned __int64', possible loss of data
C:\Users\dwarf\source\repos\Packman_Lab_01\Packman_Lab_01\Packman_Lab_01.cpp(744,21): warning C4244: 'argument': conversion from 'float' to 'const unsigned __int64', possible loss of data
C:\Users\dwarf\source\repos\Packman_Lab_01\Packman_Lab_01\Packman_Lab_01.cpp(744,104): warning C4244: 'argument': conversion from 'float' to 'const unsigned __int64', possible loss of data
C:\Users\dwarf\source\repos\Packman_Lab_01\Packman_Lab_01\Packman_Lab_01.cpp(751,47): warning C4244: 'argument': conversion from 'float' to 'const __int64', possible loss of data
C:\Users\dwarf\source\repos\Packman_Lab_01\Packman_Lab_01\Packman_Lab_01.cpp(752,17): warning C4244: 'argument': conversion from 'float' to 'const unsigned __int64', possible loss of data
C:\Users\dwarf\source\repos\Packman_Lab_01\Packman_Lab_01\Packman_Lab_01.cpp(752,88): warning C4244: 'argument': conversion from 'float' to 'const unsigned __int64', possible loss of data
C:\Users\dwarf\source\repos\Packman_Lab_01\Packman_Lab_01\Packman_Lab_01.cpp(799,81): warning C4244: 'argument': conversion from 'float' to 'const unsigned __int64', possible loss of data
C:\Users\dwarf\source\repos\Packman_Lab_01\Packman_Lab_01\Packman_Lab_01.cpp(799,114): warning C4244: 'argument': conversion from 'float' to 'const unsigned __int64', possible loss of data
C:\Users\dwarf\source\repos\Packman_Lab_01\Packman_Lab_01\Packman_Lab_01.cpp(804,66): warning C4244: 'argument': conversion from 'float' to 'const unsigned __int64', possible loss of data
C:\Users\dwarf\source\repos\Packman_Lab_01\Packman_Lab_01\Packman_Lab_01.cpp(804,99): warning C4244: 'argument': conversion from 'float' to 'const unsigned __int64', possible loss of data
C:\Users\dwarf\source\repos\Packman_Lab_01\Packman_Lab_01\Packman_Lab_01.cpp(807,61): warning C4244: 'argument': conversion from 'float' to 'const unsigned __int64', possible loss of data
C:\Users\dwarf\source\repos\Packman_Lab_01\Packman_Lab_01\Packman_Lab_01.cpp(807,94): warning C4244: 'argument': conversion from 'float' to 'const unsigned __int64', possible loss of data
C:\Users\dwarf\source\repos\Packman_Lab_01\Packman_Lab_01\Packman_Lab_01.cpp(812,69): warning C4244: 'argument': conversion from 'float' to 'const unsigned __int64', possible loss of data
C:\Users\dwarf\source\repos\Packman_Lab_01\Packman_Lab_01\Packman_Lab_01.cpp(812,122): warning C4244: 'argument': conversion from 'float' to 'const unsigned __int64', possible loss of data
C:\Users\dwarf\source\repos\Packman_Lab_01\Packman_Lab_01\Packman_Lab_01.cpp(817,54): warning C4244: 'argument': conversion from 'float' to 'const unsigned __int64', possible loss of data
C:\Users\dwarf\source\repos\Packman_Lab_01\Packman_Lab_01\Packman_Lab_01.cpp(817,107): warning C4244: 'argument': conversion from 'float' to 'const unsigned __int64', possible loss of data
C:\Users\dwarf\source\repos\Packman_Lab_01\Packman_Lab_01\Packman_Lab_01.cpp(820,49): warning C4244: 'argument': conversion from 'float' to 'const unsigned __int64', possible loss of data
C:\Users\dwarf\source\repos\Packman_Lab_01\Packman_Lab_01\Packman_Lab_01.cpp(820,102): warning C4244: 'argument': conversion from 'float' to 'const unsigned __int64', possible loss of data
C:\Users\dwarf\source\repos\Packman_Lab_01\Packman_Lab_01\Packman_Lab_01.cpp(825,81): warning C4244: 'argument': conversion from 'float' to 'const unsigned __int64', possible loss of data
C:\Users\dwarf\source\repos\Packman_Lab_01\Packman_Lab_01\Packman_Lab_01.cpp(825,114): warning C4244: 'argument': conversion from 'float' to 'const unsigned __int64', possible loss of data
C:\Users\dwarf\source\repos\Packman_Lab_01\Packman_Lab_01\Packman_Lab_01.cpp(830,66): warning C4244: 'argument': conversion from 'float' to 'const unsigned __int64', possible loss of data
C:\Users\dwarf\source\repos\Packman_Lab_01\Packman_Lab_01\Packman_Lab_01.cpp(830,99): warning C4244: 'argument': conversion from 'float' to 'const unsigned __int64', possible loss of data
C:\Users\dwarf\source\repos\Packman_Lab_01\Packman_Lab_01\Packman_Lab_01.cpp(833,61): warning C4244: 'argument': conversion from 'float' to 'const unsigned __int64', possible loss of data
C:\Users\dwarf\source\repos\Packman_Lab_01\Packman_Lab_01\Packman_Lab_01.cpp(833,94): warning C4244: 'argument': conversion from 'float' to 'const unsigned __int64', possible loss of data
C:\Users\dwarf\source\repos\Packman_Lab_01\Packman_Lab_01\Packman_Lab_01.cpp(838,69): warning C4244: 'argument': conversion from 'float' to 'const unsigned __int64', possible loss of data
C:\Users\dwarf\source\repos\Packman_Lab_01\Packman_Lab_01\Packman_Lab_01.cpp(838,122): warning C4244: 'argument': conversion from 'float' to 'const unsigned __int64', possible loss of data
C:\Users\dwarf\source\repos\Packman_Lab_01\Packman_Lab_01\Packman_Lab_01.cpp(843,54): warning C4244: 'argument': conversion from 'float' to 'const unsigned __int64', possible loss of data
C:\Users\dwarf\source\repos\Packman_Lab_01\Packman_Lab_01\Packman_Lab_01.cpp(843,107): warning C4244: 'argument': conversion from 'float' to 'const unsigned __int64', possible loss of data
C:\Users\dwarf\source\repos\Packman_Lab_01\Packman_Lab_01\Packman_Lab_01.cpp(846,49): warning C4244: 'argument': conversion from 'float' to 'const unsigned __int64', possible loss of data
C:\Users\dwarf\source\repos\Packman_Lab_01\Packman_Lab_01\Packman_Lab_01.cpp(846,102): warning C4244: 'argument': conversion from 'float' to 'const unsigned __int64', possible loss of data
C:\Users\dwarf\source\repos\Packman_Lab_01\Packman_Lab_01\Packman_Lab_01.cpp(849,45): warning C4244: 'argument': conversion from 'float' to 'const unsigned __int64', possible loss of data
C:\Users\dwarf\source\repos\Packman_Lab_01\Packman_Lab_01\Packman_Lab_01.cpp(849,86): warning C4244: 'argument': conversion from 'float' to 'const unsigned __int64', possible loss of data
C:\Users\dwarf\source\repos\Packman_Lab_01\Packman_Lab_01\Packman_Lab_01.cpp(868,65): warning C4244: 'argument': conversion from 'float' to 'const unsigned __int64', possible loss of data
C:\Users\dwarf\source\repos\Packman_Lab_01\Packman_Lab_01\Packman_Lab_01.cpp(868,98): warning C4244: 'argument': conversion from 'float' to 'const unsigned __int64', possible loss of data
C:\Users\dwarf\source\repos\Packman_Lab_01\Packman_Lab_01\Packman_Lab_01.cpp(870,79): warning C4244: 'argument': conversion from 'float' to 'const unsigned __int64', possible loss of data
C:\Users\dwarf\source\repos\Packman_Lab_01\Packman_Lab_01\Packman_Lab_01.cpp(870,112): warning C4244: 'argument': conversion from 'float' to 'const unsigned __int64', possible loss of data
C:\Users\dwarf\source\repos\Packman_Lab_01\Packman_Lab_01\Packman_Lab_01.cpp(878,53): warning C4244: 'argument': conversion from 'float' to 'const unsigned __int64', possible loss of data
C:\Users\dwarf\source\repos\Packman_Lab_01\Packman_Lab_01\Packman_Lab_01.cpp(878,106): warning C4244: 'argument': conversion from 'float' to 'const unsigned __int64', possible loss of data
C:\Users\dwarf\source\repos\Packman_Lab_01\Packman_Lab_01\Packman_Lab_01.cpp(880,67): warning C4244: 'argument': conversion from 'float' to 'const unsigned __int64', possible loss of data
C:\Users\dwarf\source\repos\Packman_Lab_01\Packman_Lab_01\Packman_Lab_01.cpp(880,120): warning C4244: 'argument': conversion from 'float' to 'const unsigned __int64', possible loss of data
C:\Users\dwarf\source\repos\Packman_Lab_01\Packman_Lab_01\Packman_Lab_01.cpp(888,65): warning C4244: 'argument': conversion from 'float' to 'const unsigned __int64', possible loss of data
C:\Users\dwarf\source\repos\Packman_Lab_01\Packman_Lab_01\Packman_Lab_01.cpp(888,98): warning C4244: 'argument': conversion from 'float' to 'const unsigned __int64', possible loss of data
C:\Users\dwarf\source\repos\Packman_Lab_01\Packman_Lab_01\Packman_Lab_01.cpp(890,79): warning C4244: 'argument': conversion from 'float' to 'const unsigned __int64', possible loss of data
C:\Users\dwarf\source\repos\Packman_Lab_01\Packman_Lab_01\Packman_Lab_01.cpp(890,112): warning C4244: 'argument': conversion from 'float' to 'const unsigned __int64', possible loss of data
C:\Users\dwarf\source\repos\Packman_Lab_01\Packman_Lab_01\Packman_Lab_01.cpp(898,53): warning C4244: 'argument': conversion from 'float' to 'const unsigned __int64', possible loss of data
C:\Users\dwarf\source\repos\Packman_Lab_01\Packman_Lab_01\Packman_Lab_01.cpp(898,106): warning C4244: 'argument': conversion from 'float' to 'const unsigned __int64', possible loss of data
C:\Users\dwarf\source\repos\Packman_Lab_01\Packman_Lab_01\Packman_Lab_01.cpp(900,67): warning C4244: 'argument': conversion from 'float' to 'const unsigned __int64', possible loss of data
C:\Users\dwarf\source\repos\Packman_Lab_01\Packman_Lab_01\Packman_Lab_01.cpp(900,120): warning C4244: 'argument': conversion from 'float' to 'const unsigned __int64', possible loss of data
C:\Users\dwarf\source\repos\Packman_Lab_01\Packman_Lab_01\Packman_Lab_01.cpp(911,37): warning C4244: 'return': conversion from 'float' to 'int', possible loss of data
C:\Users\dwarf\source\repos\Packman_Lab_01\Packman_Lab_01\Packman_Lab_01.cpp(944,38): warning C4244: 'argument': conversion from 'float' to 'const unsigned __int64', possible loss of data
C:\Users\dwarf\source\repos\Packman_Lab_01\Packman_Lab_01\Packman_Lab_01.cpp(944,63): warning C4244: 'argument': conversion from 'float' to 'unsigned __int64', possible loss of data
C:\Users\dwarf\source\repos\Packman_Lab_01\Packman_Lab_01\Packman_Lab_01.cpp(953,91): warning C4244: 'argument': conversion from 'float' to 'int', possible loss of data
C:\Users\dwarf\source\repos\Packman_Lab_01\Packman_Lab_01\Packman_Lab_01.cpp(953,54): warning C4244: 'argument': conversion from 'float' to 'int', possible loss of data
C:\Users\dwarf\source\repos\Packman_Lab_01\Packman_Lab_01\Packman_Lab_01.cpp(955,58): warning C4267: 'argument': conversion from 'size_t' to 'int', possible loss of data
C:\Users\dwarf\source\repos\Packman_Lab_01\Packman_Lab_01\Packman_Lab_01.cpp(955,45): warning C4267: 'argument': conversion from 'size_t' to 'int', possible loss of data
C:\Users\dwarf\source\repos\Packman_Lab_01\Packman_Lab_01\Packman_Lab_01.cpp(955,80): warning C4244: 'argument': conversion from 'float' to 'const unsigned __int64', possible loss of data
C:\Users\dwarf\source\repos\Packman_Lab_01\Packman_Lab_01\Packman_Lab_01.cpp(955,90): warning C4244: 'argument': conversion from 'float' to 'unsigned __int64', possible loss of data
C:\Users\dwarf\source\repos\Packman_Lab_01\Packman_Lab_01\Packman_Lab_01.cpp(955,108): warning C4244: 'argument': conversion from 'float' to 'const unsigned __int64', possible loss of data
C:\Users\dwarf\source\repos\Packman_Lab_01\Packman_Lab_01\Packman_Lab_01.cpp(955,118): warning C4244: 'argument': conversion from 'float' to 'const unsigned __int64', possible loss of data
C:\Users\dwarf\source\repos\Packman_Lab_01\Packman_Lab_01\Packman_Lab_01.cpp(968,38): warning C4244: 'argument': conversion from 'float' to 'const unsigned __int64', possible loss of data
C:\Users\dwarf\source\repos\Packman_Lab_01\Packman_Lab_01\Packman_Lab_01.cpp(968,63): warning C4244: 'argument': conversion from 'float' to 'unsigned __int64', possible loss of data
C:\Users\dwarf\source\repos\Packman_Lab_01\Packman_Lab_01\Packman_Lab_01.cpp(1008,72): warning C4244: 'argument': conversion from 'float' to 'int', possible loss of data
C:\Users\dwarf\source\repos\Packman_Lab_01\Packman_Lab_01\Packman_Lab_01.cpp(1008,49): warning C4244: 'argument': conversion from 'float' to 'int', possible loss of data
C:\Users\dwarf\source\repos\Packman_Lab_01\Packman_Lab_01\Packman_Lab_01.cpp(1026,17): warning C4244: 'initializing': conversion from 'float' to 'int', possible loss of data
C:\Users\dwarf\source\repos\Packman_Lab_01\Packman_Lab_01\Packman_Lab_01.cpp(1027,17): warning C4244: 'initializing': conversion from 'float' to 'int', possible loss of data
C:\Users\dwarf\source\repos\Packman_Lab_01\Packman_Lab_01\Packman_Lab_01.cpp(1044,91): warning C4244: 'argument': conversion from 'float' to 'int', possible loss of data
C:\Users\dwarf\source\repos\Packman_Lab_01\Packman_Lab_01\Packman_Lab_01.cpp(1044,65): warning C4244: 'argument': conversion from 'float' to 'int', possible loss of data
C:\Users\dwarf\source\repos\Packman_Lab_01\Packman_Lab_01\Packman_Lab_01.cpp(1046,82): warning C4244: 'argument': conversion from 'float' to 'int', possible loss of data
C:\Users\dwarf\source\repos\Packman_Lab_01\Packman_Lab_01\Packman_Lab_01.cpp(1046,62): warning C4244: 'argument': conversion from 'float' to 'int', possible loss of data
C:\Users\dwarf\source\repos\Packman_Lab_01\Packman_Lab_01\Packman_Lab_01.cpp(1048,82): warning C4244: 'argument': conversion from 'float' to 'int', possible loss of data
C:\Users\dwarf\source\repos\Packman_Lab_01\Packman_Lab_01\Packman_Lab_01.cpp(1048,62): warning C4244: 'argument': conversion from 'float' to 'int', possible loss of data
C:\Users\dwarf\source\repos\Packman_Lab_01\Packman_Lab_01\Packman_Lab_01.cpp(1054,82): warning C4244: 'argument': conversion from 'float' to 'int', possible loss of data
C:\Users\dwarf\source\repos\Packman_Lab_01\Packman_Lab_01\Packman_Lab_01.cpp(1054,62): warning C4244: 'argument': conversion from 'float' to 'int', possible loss of data
C:\Users\dwarf\source\repos\Packman_Lab_01\Packman_Lab_01\Packman_Lab_01.cpp(1056,91): warning C4244: 'argument': conversion from 'float' to 'int', possible loss of data
C:\Users\dwarf\source\repos\Packman_Lab_01\Packman_Lab_01\Packman_Lab_01.cpp(1056,65): warning C4244: 'argument': conversion from 'float' to 'int', possible loss of data
C:\Users\dwarf\source\repos\Packman_Lab_01\Packman_Lab_01\Packman_Lab_01.cpp(1058,91): warning C4244: 'argument': conversion from 'float' to 'int', possible loss of data
C:\Users\dwarf\source\repos\Packman_Lab_01\Packman_Lab_01\Packman_Lab_01.cpp(1058,65): warning C4244: 'argument': conversion from 'float' to 'int', possible loss of data
C:\Users\dwarf\source\repos\Packman_Lab_01\Packman_Lab_01\Packman_Lab_01.cpp(1064,91): warning C4244: 'argument': conversion from 'float' to 'int', possible loss of data
C:\Users\dwarf\source\repos\Packman_Lab_01\Packman_Lab_01\Packman_Lab_01.cpp(1064,65): warning C4244: 'argument': conversion from 'float' to 'int', possible loss of data
C:\Users\dwarf\source\repos\Packman_Lab_01\Packman_Lab_01\Packman_Lab_01.cpp(1066,82): warning C4244: 'argument': conversion from 'float' to 'int', possible loss of data
C:\Users\dwarf\source\repos\Packman_Lab_01\Packman_Lab_01\Packman_Lab_01.cpp(1066,62): warning C4244: 'argument': conversion from 'float' to 'int', possible loss of data
C:\Users\dwarf\source\repos\Packman_Lab_01\Packman_Lab_01\Packman_Lab_01.cpp(1068,82): warning C4244: 'argument': conversion from 'float' to 'int', possible loss of data
C:\Users\dwarf\source\repos\Packman_Lab_01\Packman_Lab_01\Packman_Lab_01.cpp(1068,62): warning C4244: 'argument': conversion from 'float' to 'int', possible loss of data
C:\Users\dwarf\source\repos\Packman_Lab_01\Packman_Lab_01\Packman_Lab_01.cpp(1074,82): warning C4244: 'argument': conversion from 'float' to 'int', possible loss of data
C:\Users\dwarf\source\repos\Packman_Lab_01\Packman_Lab_01\Packman_Lab_01.cpp(1074,62): warning C4244: 'argument': conversion from 'float' to 'int', possible loss of data
C:\Users\dwarf\source\repos\Packman_Lab_01\Packman_Lab_01\Packman_Lab_01.cpp(1076,91): warning C4244: 'argument': conversion from 'float' to 'int', possible loss of data
C:\Users\dwarf\source\repos\Packman_Lab_01\Packman_Lab_01\Packman_Lab_01.cpp(1076,65): warning C4244: 'argument': conversion from 'float' to 'int', possible loss of data
C:\Users\dwarf\source\repos\Packman_Lab_01\Packman_Lab_01\Packman_Lab_01.cpp(1078,91): warning C4244: 'argument': conversion from 'float' to 'int', possible loss of data
C:\Users\dwarf\source\repos\Packman_Lab_01\Packman_Lab_01\Packman_Lab_01.cpp(1078,65): warning C4244: 'argument': conversion from 'float' to 'int', possible loss of data
C:\Users\dwarf\source\repos\Packman_Lab_01\Packman_Lab_01\Packman_Lab_01.cpp(1175,81): warning C4244: 'argument': conversion from 'float' to 'const unsigned __int64', possible loss of data
C:\Users\dwarf\source\repos\Packman_Lab_01\Packman_Lab_01\Packman_Lab_01.cpp(1175,118): warning C4244: 'argument': conversion from 'float' to 'const unsigned __int64', possible loss of data
C:\Users\dwarf\source\repos\Packman_Lab_01\Packman_Lab_01\Packman_Lab_01.cpp(1175,145): warning C4244: 'argument': conversion from 'float' to 'const unsigned __int64', possible loss of data
C:\Users\dwarf\source\repos\Packman_Lab_01\Packman_Lab_01\Packman_Lab_01.cpp(1175,167): warning C4244: 'argument': conversion from 'float' to 'const unsigned __int64', possible loss of data
C:\Users\dwarf\source\repos\Packman_Lab_01\Packman_Lab_01\Packman_Lab_01.cpp(1249,97): warning C4244: 'argument': conversion from 'float' to 'const unsigned __int64', possible loss of data
C:\Users\dwarf\source\repos\Packman_Lab_01\Packman_Lab_01\Packman_Lab_01.cpp(1249,104): warning C4244: 'argument': conversion from 'float' to 'const unsigned __int64', possible loss of data
C:\Users\dwarf\source\repos\Packman_Lab_01\Packman_Lab_01\Packman_Lab_01.cpp(1249,128): warning C4244: 'argument': conversion from 'float' to 'const unsigned __int64', possible loss of data
C:\Users\dwarf\source\repos\Packman_Lab_01\Packman_Lab_01\Packman_Lab_01.cpp(1249,135): warning C4244: 'argument': conversion from 'float' to 'unsigned __int64', possible loss of data
C:\Users\dwarf\source\repos\Packman_Lab_01\Packman_Lab_01\Packman_Lab_01.cpp(1258,19): warning C4244: 'argument': conversion from 'float' to 'const unsigned __int64', possible loss of data
C:\Users\dwarf\source\repos\Packman_Lab_01\Packman_Lab_01\Packman_Lab_01.cpp(1258,28): warning C4244: 'argument': conversion from 'float' to 'const unsigned __int64', possible loss of data
C:\Users\dwarf\source\repos\Packman_Lab_01\Packman_Lab_01\Packman_Lab_01.cpp(1258,48): warning C4244: 'argument': conversion from 'float' to 'const unsigned __int64', possible loss of data
C:\Users\dwarf\source\repos\Packman_Lab_01\Packman_Lab_01\Packman_Lab_01.cpp(1258,55): warning C4244: 'argument': conversion from 'float' to 'const unsigned __int64', possible loss of data
C:\Users\dwarf\source\repos\Packman_Lab_01\Packman_Lab_01\Packman_Lab_01.cpp(1266,18): warning C4244: 'argument': conversion from 'float' to 'const unsigned __int64', possible loss of data
C:\Users\dwarf\source\repos\Packman_Lab_01\Packman_Lab_01\Packman_Lab_01.cpp(1266,27): warning C4244: 'argument': conversion from 'float' to 'unsigned __int64', possible loss of data
C:\Users\dwarf\source\repos\Packman_Lab_01\Packman_Lab_01\Packman_Lab_01.cpp(1465,144): warning C4244: 'argument': conversion from 'float' to 'int', possible loss of data
C:\Users\dwarf\source\repos\Packman_Lab_01\Packman_Lab_01\Packman_Lab_01.cpp(1465,108): warning C4244: 'argument': conversion from 'float' to 'int', possible loss of data
C:\Program Files\Microsoft Visual Studio\2022\Community\VC\Tools\MSVC\14.40.33807\include\utility(247,16): warning C4244: 'initializing': conversion from 'float' to '_Ty1', possible loss of data
C:\Program Files\Microsoft Visual Studio\2022\Community\VC\Tools\MSVC\14.40.33807\include\utility(247,16): warning C4244:         with
C:\Program Files\Microsoft Visual Studio\2022\Community\VC\Tools\MSVC\14.40.33807\include\utility(247,16): warning C4244:         [
C:\Program Files\Microsoft Visual Studio\2022\Community\VC\Tools\MSVC\14.40.33807\include\utility(247,16): warning C4244:             _Ty1=int
C:\Program Files\Microsoft Visual Studio\2022\Community\VC\Tools\MSVC\14.40.33807\include\utility(247,16): warning C4244:         ]
C:\Program Files\Microsoft Visual Studio\2022\Community\VC\Tools\MSVC\14.40.33807\include\utility(247,54): warning C4244: 'initializing': conversion from 'float' to '_Ty2', possible loss of data
C:\Program Files\Microsoft Visual Studio\2022\Community\VC\Tools\MSVC\14.40.33807\include\utility(247,54): warning C4244:         with
C:\Program Files\Microsoft Visual Studio\2022\Community\VC\Tools\MSVC\14.40.33807\include\utility(247,54): warning C4244:         [
C:\Program Files\Microsoft Visual Studio\2022\Community\VC\Tools\MSVC\14.40.33807\include\utility(247,54): warning C4244:             _Ty2=int
C:\Program Files\Microsoft Visual Studio\2022\Community\VC\Tools\MSVC\14.40.33807\include\utility(247,54): warning C4244:         ]
C:\Users\dwarf\source\repos\Packman_Lab_01\Packman_Lab_01\Packman_Lab_01.cpp(1154,1): warning C4715: 'GhostManager::getPermission': not all control paths return a value
C:\Users\dwarf\source\repos\Packman_Lab_01\Packman_Lab_01\Packman_Lab_01.cpp(1131,1): warning C4715: 'GhostManager::selectTarget': not all control paths return a value
C:\Users\dwarf\source\repos\Packman_Lab_01\Packman_Lab_01\Packman_Lab_01.cpp(428,1): warning C4715: 'Pacman::collision': not all control paths return a value
C:\Users\dwarf\source\repos\Packman_Lab_01\Packman_Lab_01\Packman_Lab_01.cpp(76,1): warning C4715: 'Pos::locateSide': not all control paths return a value
  Packman_Lab_01.vcxproj -> C:\Users\dwarf\source\repos\Packman_Lab_01\x64\Debug\Packman_Lab_01.exe
